[2025-12-11 21:58:57][INFO]日志文件初始化成功：log/20251211.log
[2025-12-11 21:58:57][INFO]监视窗口已启动
[2025-12-11 21:58:57][INFO]WinSock 2.2 初始化成功
[2025-12-11 21:58:57][INFO]Socket 创建成功
[2025-12-11 21:58:57][INFO]服务器IP: 10.30.110.243
[2025-12-11 21:58:57][INFO]服务器地址配置成功
[2025-12-11 21:58:57][INFO]Socket 成功绑定到端口
[2025-12-11 21:58:57][INFO]服务器开始监听连接，端口: 8888
[2025-12-11 21:59:17][INFO]日志文件初始化成功：log/20251211.log
[2025-12-11 21:59:17][INFO]监视窗口已启动
[2025-12-11 21:59:17][INFO]WinSock 2.2 初始化成功
[2025-12-11 21:59:17][INFO]Socket 创建成功
[2025-12-11 21:59:17][INFO]服务器IP: 10.30.110.243
[2025-12-11 21:59:17][INFO]服务器地址配置成功
[2025-12-11 21:59:17][INFO]Socket 成功绑定到端口
[2025-12-11 21:59:17][INFO]服务器开始监听连接，端口: 8888
[2025-12-11 22:06:40][INFO]日志文件初始化成功：log/20251211.log
[2025-12-11 22:06:40][INFO]监视窗口已启动
[2025-12-11 22:06:40][INFO]WinSock 2.2 初始化成功
[2025-12-11 22:06:40][INFO]Socket 创建成功
[2025-12-11 22:06:40][INFO]服务器IP: 10.30.110.243
[2025-12-11 22:06:40][INFO]服务器地址配置成功
[2025-12-11 22:06:40][INFO]Socket 成功绑定到端口
[2025-12-11 22:06:40][INFO]服务器开始监听连接，端口: 8888
